{"C:\\Users\\Ordinateur\\Documents\\GitHub\\projet9-0324\\back\\app.js": {"path":"C:\\Users\\Ordinateur\\Documents\\GitHub\\projet9-0324\\back\\app.js","statementMap":{"0":{"start":{"line":1,"column":16},"end":{"line":1,"column":34}},"1":{"start":{"line":2,"column":13},"end":{"line":2,"column":28}},"2":{"start":{"line":3,"column":15},"end":{"line":3,"column":32}},"3":{"start":{"line":4,"column":15},"end":{"line":4,"column":32}},"4":{"start":{"line":5,"column":23},"end":{"line":5,"column":52}},"5":{"start":{"line":6,"column":18},"end":{"line":6,"column":42}},"6":{"start":{"line":7,"column":18},"end":{"line":7,"column":42}},"7":{"start":{"line":8,"column":18},"end":{"line":8,"column":42}},"8":{"start":{"line":10,"column":15},"end":{"line":10,"column":42}},"9":{"start":{"line":11,"column":12},"end":{"line":11,"column":21}},"10":{"start":{"line":12,"column":0},"end":{"line":12,"column":16}},"11":{"start":{"line":13,"column":0},"end":{"line":13,"column":18}},"12":{"start":{"line":14,"column":0},"end":{"line":14,"column":24}},"13":{"start":{"line":15,"column":0},"end":{"line":15,"column":45}},"14":{"start":{"line":16,"column":0},"end":{"line":18,"column":3}},"15":{"start":{"line":17,"column":2},"end":{"line":17,"column":50}},"16":{"start":{"line":19,"column":0},"end":{"line":19,"column":24}},"17":{"start":{"line":20,"column":0},"end":{"line":20,"column":31}},"18":{"start":{"line":21,"column":0},"end":{"line":21,"column":28}},"19":{"start":{"line":22,"column":0},"end":{"line":22,"column":29}},"20":{"start":{"line":23,"column":0},"end":{"line":23,"column":29}},"21":{"start":{"line":25,"column":0},"end":{"line":25,"column":21}}},"fnMap":{"0":{"name":"(anonymous_0)","decl":{"start":{"line":16,"column":13},"end":{"line":16,"column":14}},"loc":{"start":{"line":16,"column":27},"end":{"line":18,"column":1}},"line":16}},"branchMap":{},"s":{"0":4,"1":4,"2":4,"3":4,"4":4,"5":4,"6":4,"7":4,"8":4,"9":4,"10":4,"11":4,"12":4,"13":4,"14":4,"15":1,"16":4,"17":4,"18":4,"19":4,"20":4,"21":4},"f":{"0":1},"b":{},"_coverageSchema":"1a1c01bbd47fc00a2c39e90264f33305004495a9","hash":"dd2c46b2a8f0748f27be1c7aa979bcca399faa76"}
,"C:\\Users\\Ordinateur\\Documents\\GitHub\\projet9-0324\\back\\controllers\\auth.js": {"path":"C:\\Users\\Ordinateur\\Documents\\GitHub\\projet9-0324\\back\\controllers\\auth.js","statementMap":{"0":{"start":{"line":1,"column":17},"end":{"line":1,"column":37}},"1":{"start":{"line":2,"column":20},"end":{"line":2,"column":51}},"2":{"start":{"line":3,"column":12},"end":{"line":3,"column":38}},"3":{"start":{"line":5,"column":14},"end":{"line":23,"column":1}},"4":{"start":{"line":6,"column":30},"end":{"line":6,"column":38}},"5":{"start":{"line":7,"column":2},"end":{"line":22,"column":3}},"6":{"start":{"line":8,"column":17},"end":{"line":8,"column":57}},"7":{"start":{"line":9,"column":4},"end":{"line":9,"column":84}},"8":{"start":{"line":9,"column":15},"end":{"line":9,"column":84}},"9":{"start":{"line":10,"column":4},"end":{"line":18,"column":5}},"10":{"start":{"line":11,"column":6},"end":{"line":11,"column":77}},"11":{"start":{"line":12,"column":6},"end":{"line":17,"column":9}},"12":{"start":{"line":19,"column":4},"end":{"line":19,"column":73}},"13":{"start":{"line":21,"column":4},"end":{"line":21,"column":58}},"14":{"start":{"line":24,"column":16},"end":{"line":32,"column":1}},"15":{"start":{"line":25,"column":19},"end":{"line":25,"column":22}},"16":{"start":{"line":26,"column":2},"end":{"line":31,"column":3}},"17":{"start":{"line":27,"column":4},"end":{"line":27,"column":78}},"18":{"start":{"line":28,"column":4},"end":{"line":28,"column":66}},"19":{"start":{"line":30,"column":4},"end":{"line":30,"column":58}},"20":{"start":{"line":34,"column":0},"end":{"line":37,"column":2}}},"fnMap":{"0":{"name":"(anonymous_0)","decl":{"start":{"line":5,"column":14},"end":{"line":5,"column":15}},"loc":{"start":{"line":5,"column":34},"end":{"line":23,"column":1}},"line":5},"1":{"name":"(anonymous_1)","decl":{"start":{"line":24,"column":16},"end":{"line":24,"column":17}},"loc":{"start":{"line":24,"column":36},"end":{"line":32,"column":1}},"line":24}},"branchMap":{"0":{"loc":{"start":{"line":9,"column":4},"end":{"line":9,"column":84}},"type":"if","locations":[{"start":{"line":9,"column":4},"end":{"line":9,"column":84}},{"start":{},"end":{}}],"line":9},"1":{"loc":{"start":{"line":10,"column":4},"end":{"line":18,"column":5}},"type":"if","locations":[{"start":{"line":10,"column":4},"end":{"line":18,"column":5}},{"start":{},"end":{}}],"line":10}},"s":{"0":4,"1":4,"2":4,"3":4,"4":3,"5":3,"6":3,"7":0,"8":0,"9":0,"10":0,"11":0,"12":0,"13":3,"14":4,"15":0,"16":0,"17":0,"18":0,"19":0,"20":4},"f":{"0":3,"1":0},"b":{"0":[0,0],"1":[0,0]},"_coverageSchema":"1a1c01bbd47fc00a2c39e90264f33305004495a9","hash":"0f39923b30aed0f15987ee1812263a1e41dea2bc"}
,"C:\\Users\\Ordinateur\\Documents\\GitHub\\projet9-0324\\back\\controllers\\bill.js": {"path":"C:\\Users\\Ordinateur\\Documents\\GitHub\\projet9-0324\\back\\controllers\\bill.js","statementMap":{"0":{"start":{"line":1,"column":17},"end":{"line":1,"column":37}},"1":{"start":{"line":3,"column":19},"end":{"line":3,"column":68}},"2":{"start":{"line":3,"column":33},"end":{"line":3,"column":68}},"3":{"start":{"line":5,"column":18},"end":{"line":5,"column":104}},"4":{"start":{"line":5,"column":32},"end":{"line":5,"column":104}},"5":{"start":{"line":7,"column":15},"end":{"line":42,"column":1}},"6":{"start":{"line":8,"column":19},"end":{"line":8,"column":22}},"7":{"start":{"line":9,"column":2},"end":{"line":9,"column":84}},"8":{"start":{"line":9,"column":13},"end":{"line":9,"column":84}},"9":{"start":{"line":10,"column":2},"end":{"line":41,"column":3}},"10":{"start":{"line":22,"column":8},"end":{"line":22,"column":16}},"11":{"start":{"line":23,"column":21},"end":{"line":23,"column":24}},"12":{"start":{"line":24,"column":17},"end":{"line":37,"column":6}},"13":{"start":{"line":38,"column":4},"end":{"line":38,"column":38}},"14":{"start":{"line":40,"column":4},"end":{"line":40,"column":58}},"15":{"start":{"line":44,"column":12},"end":{"line":87,"column":1}},"16":{"start":{"line":45,"column":19},"end":{"line":45,"column":22}},"17":{"start":{"line":46,"column":2},"end":{"line":46,"column":84}},"18":{"start":{"line":46,"column":13},"end":{"line":46,"column":84}},"19":{"start":{"line":47,"column":2},"end":{"line":86,"column":3}},"20":{"start":{"line":48,"column":17},"end":{"line":52,"column":8}},"21":{"start":{"line":53,"column":4},"end":{"line":53,"column":79}},"22":{"start":{"line":53,"column":15},"end":{"line":53,"column":79}},"23":{"start":{"line":68,"column":8},"end":{"line":68,"column":12}},"24":{"start":{"line":69,"column":4},"end":{"line":83,"column":7}},"25":{"start":{"line":85,"column":4},"end":{"line":85,"column":58}},"26":{"start":{"line":89,"column":13},"end":{"line":132,"column":1}},"27":{"start":{"line":90,"column":19},"end":{"line":90,"column":22}},"28":{"start":{"line":91,"column":2},"end":{"line":91,"column":84}},"29":{"start":{"line":91,"column":13},"end":{"line":91,"column":84}},"30":{"start":{"line":92,"column":2},"end":{"line":131,"column":3}},"31":{"start":{"line":93,"column":18},"end":{"line":95,"column":60}},"32":{"start":{"line":96,"column":4},"end":{"line":128,"column":6}},"33":{"start":{"line":112,"column":15},"end":{"line":126,"column":9}},"34":{"start":{"line":130,"column":4},"end":{"line":130,"column":58}},"35":{"start":{"line":134,"column":15},"end":{"line":173,"column":1}},"36":{"start":{"line":135,"column":19},"end":{"line":135,"column":22}},"37":{"start":{"line":136,"column":2},"end":{"line":136,"column":84}},"38":{"start":{"line":136,"column":13},"end":{"line":136,"column":84}},"39":{"start":{"line":137,"column":2},"end":{"line":172,"column":3}},"40":{"start":{"line":149,"column":8},"end":{"line":149,"column":16}},"41":{"start":{"line":150,"column":21},"end":{"line":161,"column":5}},"42":{"start":{"line":162,"column":17},"end":{"line":166,"column":8}},"43":{"start":{"line":167,"column":4},"end":{"line":167,"column":79}},"44":{"start":{"line":167,"column":15},"end":{"line":167,"column":79}},"45":{"start":{"line":168,"column":20},"end":{"line":168,"column":47}},"46":{"start":{"line":169,"column":4},"end":{"line":169,"column":29}},"47":{"start":{"line":171,"column":4},"end":{"line":171,"column":58}},"48":{"start":{"line":174,"column":15},"end":{"line":189,"column":1}},"49":{"start":{"line":175,"column":19},"end":{"line":175,"column":22}},"50":{"start":{"line":176,"column":2},"end":{"line":176,"column":84}},"51":{"start":{"line":176,"column":13},"end":{"line":176,"column":84}},"52":{"start":{"line":177,"column":2},"end":{"line":188,"column":3}},"53":{"start":{"line":178,"column":17},"end":{"line":182,"column":8}},"54":{"start":{"line":183,"column":4},"end":{"line":183,"column":79}},"55":{"start":{"line":183,"column":15},"end":{"line":183,"column":79}},"56":{"start":{"line":184,"column":4},"end":{"line":184,"column":51}},"57":{"start":{"line":185,"column":4},"end":{"line":185,"column":36}},"58":{"start":{"line":187,"column":4},"end":{"line":187,"column":58}},"59":{"start":{"line":191,"column":0},"end":{"line":197,"column":2}}},"fnMap":{"0":{"name":"(anonymous_0)","decl":{"start":{"line":3,"column":19},"end":{"line":3,"column":20}},"loc":{"start":{"line":3,"column":33},"end":{"line":3,"column":68}},"line":3},"1":{"name":"(anonymous_1)","decl":{"start":{"line":5,"column":18},"end":{"line":5,"column":19}},"loc":{"start":{"line":5,"column":32},"end":{"line":5,"column":104}},"line":5},"2":{"name":"(anonymous_2)","decl":{"start":{"line":7,"column":15},"end":{"line":7,"column":16}},"loc":{"start":{"line":7,"column":35},"end":{"line":42,"column":1}},"line":7},"3":{"name":"(anonymous_3)","decl":{"start":{"line":44,"column":12},"end":{"line":44,"column":13}},"loc":{"start":{"line":44,"column":32},"end":{"line":87,"column":1}},"line":44},"4":{"name":"(anonymous_4)","decl":{"start":{"line":89,"column":13},"end":{"line":89,"column":14}},"loc":{"start":{"line":89,"column":33},"end":{"line":132,"column":1}},"line":89},"5":{"name":"(anonymous_5)","decl":{"start":{"line":98,"column":8},"end":{"line":98,"column":9}},"loc":{"start":{"line":112,"column":15},"end":{"line":126,"column":9}},"line":112},"6":{"name":"(anonymous_6)","decl":{"start":{"line":134,"column":15},"end":{"line":134,"column":16}},"loc":{"start":{"line":134,"column":35},"end":{"line":173,"column":1}},"line":134},"7":{"name":"(anonymous_7)","decl":{"start":{"line":174,"column":15},"end":{"line":174,"column":16}},"loc":{"start":{"line":174,"column":35},"end":{"line":189,"column":1}},"line":174}},"branchMap":{"0":{"loc":{"start":{"line":9,"column":2},"end":{"line":9,"column":84}},"type":"if","locations":[{"start":{"line":9,"column":2},"end":{"line":9,"column":84}},{"start":{},"end":{}}],"line":9},"1":{"loc":{"start":{"line":34,"column":16},"end":{"line":34,"column":69}},"type":"cond-expr","locations":[{"start":{"line":34,"column":43},"end":{"line":34,"column":60}},{"start":{"line":34,"column":63},"end":{"line":34,"column":69}}],"line":34},"2":{"loc":{"start":{"line":35,"column":16},"end":{"line":35,"column":61}},"type":"cond-expr","locations":[{"start":{"line":35,"column":43},"end":{"line":35,"column":52}},{"start":{"line":35,"column":55},"end":{"line":35,"column":61}}],"line":35},"3":{"loc":{"start":{"line":46,"column":2},"end":{"line":46,"column":84}},"type":"if","locations":[{"start":{"line":46,"column":2},"end":{"line":46,"column":84}},{"start":{},"end":{}}],"line":46},"4":{"loc":{"start":{"line":48,"column":17},"end":{"line":52,"column":8}},"type":"cond-expr","locations":[{"start":{"line":49,"column":8},"end":{"line":49,"column":61}},{"start":{"line":50,"column":8},"end":{"line":52,"column":8}}],"line":48},"5":{"loc":{"start":{"line":53,"column":4},"end":{"line":53,"column":79}},"type":"if","locations":[{"start":{"line":53,"column":4},"end":{"line":53,"column":79}},{"start":{},"end":{}}],"line":53},"6":{"loc":{"start":{"line":91,"column":2},"end":{"line":91,"column":84}},"type":"if","locations":[{"start":{"line":91,"column":2},"end":{"line":91,"column":84}},{"start":{},"end":{}}],"line":91},"7":{"loc":{"start":{"line":93,"column":18},"end":{"line":95,"column":60}},"type":"cond-expr","locations":[{"start":{"line":94,"column":8},"end":{"line":94,"column":28}},{"start":{"line":95,"column":8},"end":{"line":95,"column":60}}],"line":93},"8":{"loc":{"start":{"line":136,"column":2},"end":{"line":136,"column":84}},"type":"if","locations":[{"start":{"line":136,"column":2},"end":{"line":136,"column":84}},{"start":{},"end":{}}],"line":136},"9":{"loc":{"start":{"line":162,"column":17},"end":{"line":166,"column":8}},"type":"cond-expr","locations":[{"start":{"line":163,"column":8},"end":{"line":163,"column":61}},{"start":{"line":164,"column":8},"end":{"line":166,"column":8}}],"line":162},"10":{"loc":{"start":{"line":167,"column":4},"end":{"line":167,"column":79}},"type":"if","locations":[{"start":{"line":167,"column":4},"end":{"line":167,"column":79}},{"start":{},"end":{}}],"line":167},"11":{"loc":{"start":{"line":176,"column":2},"end":{"line":176,"column":84}},"type":"if","locations":[{"start":{"line":176,"column":2},"end":{"line":176,"column":84}},{"start":{},"end":{}}],"line":176},"12":{"loc":{"start":{"line":178,"column":17},"end":{"line":182,"column":8}},"type":"cond-expr","locations":[{"start":{"line":179,"column":8},"end":{"line":179,"column":61}},{"start":{"line":180,"column":8},"end":{"line":182,"column":8}}],"line":178},"13":{"loc":{"start":{"line":183,"column":4},"end":{"line":183,"column":79}},"type":"if","locations":[{"start":{"line":183,"column":4},"end":{"line":183,"column":79}},{"start":{},"end":{}}],"line":183}},"s":{"0":4,"1":4,"2":0,"3":4,"4":0,"5":4,"6":1,"7":1,"8":1,"9":0,"10":0,"11":0,"12":0,"13":0,"14":0,"15":4,"16":0,"17":0,"18":0,"19":0,"20":0,"21":0,"22":0,"23":0,"24":0,"25":0,"26":4,"27":1,"28":1,"29":1,"30":0,"31":0,"32":0,"33":0,"34":0,"35":4,"36":1,"37":1,"38":1,"39":0,"40":0,"41":0,"42":0,"43":0,"44":0,"45":0,"46":0,"47":0,"48":4,"49":1,"50":1,"51":1,"52":0,"53":0,"54":0,"55":0,"56":0,"57":0,"58":0,"59":4},"f":{"0":0,"1":0,"2":1,"3":0,"4":1,"5":0,"6":1,"7":1},"b":{"0":[1,0],"1":[0,0],"2":[0,0],"3":[0,0],"4":[0,0],"5":[0,0],"6":[1,0],"7":[0,0],"8":[1,0],"9":[0,0],"10":[0,0],"11":[1,0],"12":[0,0],"13":[0,0]},"_coverageSchema":"1a1c01bbd47fc00a2c39e90264f33305004495a9","hash":"3df6c9c6a380ec98c34fc461430c25efe1a8e4c5"}
,"C:\\Users\\Ordinateur\\Documents\\GitHub\\projet9-0324\\back\\controllers\\user.js": {"path":"C:\\Users\\Ordinateur\\Documents\\GitHub\\projet9-0324\\back\\controllers\\user.js","statementMap":{"0":{"start":{"line":1,"column":17},"end":{"line":1,"column":37}},"1":{"start":{"line":2,"column":17},"end":{"line":2,"column":48}},"2":{"start":{"line":4,"column":15},"end":{"line":25,"column":1}},"3":{"start":{"line":5,"column":2},"end":{"line":24,"column":3}},"4":{"start":{"line":8,"column":8},"end":{"line":8,"column":16}},"5":{"start":{"line":9,"column":17},"end":{"line":15,"column":6}},"6":{"start":{"line":16,"column":4},"end":{"line":21,"column":7}},"7":{"start":{"line":23,"column":4},"end":{"line":23,"column":58}},"8":{"start":{"line":27,"column":12},"end":{"line":48,"column":1}},"9":{"start":{"line":28,"column":19},"end":{"line":28,"column":22}},"10":{"start":{"line":29,"column":2},"end":{"line":29,"column":84}},"11":{"start":{"line":29,"column":13},"end":{"line":29,"column":84}},"12":{"start":{"line":30,"column":2},"end":{"line":47,"column":3}},"13":{"start":{"line":37,"column":8},"end":{"line":37,"column":69}},"14":{"start":{"line":38,"column":4},"end":{"line":44,"column":7}},"15":{"start":{"line":46,"column":4},"end":{"line":46,"column":58}},"16":{"start":{"line":50,"column":13},"end":{"line":69,"column":1}},"17":{"start":{"line":51,"column":19},"end":{"line":51,"column":22}},"18":{"start":{"line":52,"column":2},"end":{"line":52,"column":84}},"19":{"start":{"line":52,"column":13},"end":{"line":52,"column":84}},"20":{"start":{"line":53,"column":2},"end":{"line":68,"column":3}},"21":{"start":{"line":54,"column":18},"end":{"line":54,"column":38}},"22":{"start":{"line":55,"column":4},"end":{"line":65,"column":6}},"23":{"start":{"line":58,"column":13},"end":{"line":64,"column":7}},"24":{"start":{"line":67,"column":4},"end":{"line":67,"column":58}},"25":{"start":{"line":71,"column":15},"end":{"line":91,"column":1}},"26":{"start":{"line":72,"column":19},"end":{"line":72,"column":22}},"27":{"start":{"line":73,"column":2},"end":{"line":73,"column":84}},"28":{"start":{"line":73,"column":13},"end":{"line":73,"column":84}},"29":{"start":{"line":74,"column":2},"end":{"line":90,"column":3}},"30":{"start":{"line":75,"column":4},"end":{"line":77,"column":5}},"31":{"start":{"line":76,"column":6},"end":{"line":76,"column":70}},"32":{"start":{"line":80,"column":8},"end":{"line":80,"column":16}},"33":{"start":{"line":81,"column":21},"end":{"line":83,"column":5}},"34":{"start":{"line":84,"column":24},"end":{"line":86,"column":6}},"35":{"start":{"line":87,"column":4},"end":{"line":87,"column":33}},"36":{"start":{"line":89,"column":4},"end":{"line":89,"column":58}},"37":{"start":{"line":93,"column":15},"end":{"line":105,"column":1}},"38":{"start":{"line":94,"column":19},"end":{"line":94,"column":22}},"39":{"start":{"line":95,"column":2},"end":{"line":95,"column":84}},"40":{"start":{"line":95,"column":13},"end":{"line":95,"column":84}},"41":{"start":{"line":96,"column":2},"end":{"line":104,"column":3}},"42":{"start":{"line":97,"column":4},"end":{"line":99,"column":5}},"43":{"start":{"line":98,"column":6},"end":{"line":98,"column":70}},"44":{"start":{"line":100,"column":4},"end":{"line":100,"column":58}},"45":{"start":{"line":101,"column":4},"end":{"line":101,"column":49}},"46":{"start":{"line":103,"column":4},"end":{"line":103,"column":58}},"47":{"start":{"line":107,"column":0},"end":{"line":113,"column":2}}},"fnMap":{"0":{"name":"(anonymous_0)","decl":{"start":{"line":4,"column":15},"end":{"line":4,"column":16}},"loc":{"start":{"line":4,"column":35},"end":{"line":25,"column":1}},"line":4},"1":{"name":"(anonymous_1)","decl":{"start":{"line":27,"column":12},"end":{"line":27,"column":13}},"loc":{"start":{"line":27,"column":32},"end":{"line":48,"column":1}},"line":27},"2":{"name":"(anonymous_2)","decl":{"start":{"line":50,"column":13},"end":{"line":50,"column":14}},"loc":{"start":{"line":50,"column":33},"end":{"line":69,"column":1}},"line":50},"3":{"name":"(anonymous_3)","decl":{"start":{"line":56,"column":16},"end":{"line":56,"column":17}},"loc":{"start":{"line":58,"column":13},"end":{"line":64,"column":7}},"line":58},"4":{"name":"(anonymous_4)","decl":{"start":{"line":71,"column":15},"end":{"line":71,"column":16}},"loc":{"start":{"line":71,"column":35},"end":{"line":91,"column":1}},"line":71},"5":{"name":"(anonymous_5)","decl":{"start":{"line":93,"column":15},"end":{"line":93,"column":16}},"loc":{"start":{"line":93,"column":35},"end":{"line":105,"column":1}},"line":93}},"branchMap":{"0":{"loc":{"start":{"line":29,"column":2},"end":{"line":29,"column":84}},"type":"if","locations":[{"start":{"line":29,"column":2},"end":{"line":29,"column":84}},{"start":{},"end":{}}],"line":29},"1":{"loc":{"start":{"line":37,"column":8},"end":{"line":37,"column":69}},"type":"binary-expr","locations":[{"start":{"line":37,"column":9},"end":{"line":37,"column":62}},{"start":{"line":37,"column":67},"end":{"line":37,"column":69}}],"line":37},"2":{"loc":{"start":{"line":52,"column":2},"end":{"line":52,"column":84}},"type":"if","locations":[{"start":{"line":52,"column":2},"end":{"line":52,"column":84}},{"start":{},"end":{}}],"line":52},"3":{"loc":{"start":{"line":73,"column":2},"end":{"line":73,"column":84}},"type":"if","locations":[{"start":{"line":73,"column":2},"end":{"line":73,"column":84}},{"start":{},"end":{}}],"line":73},"4":{"loc":{"start":{"line":75,"column":4},"end":{"line":77,"column":5}},"type":"if","locations":[{"start":{"line":75,"column":4},"end":{"line":77,"column":5}},{"start":{},"end":{}}],"line":75},"5":{"loc":{"start":{"line":75,"column":8},"end":{"line":75,"column":59}},"type":"binary-expr","locations":[{"start":{"line":75,"column":8},"end":{"line":75,"column":29}},{"start":{"line":75,"column":33},"end":{"line":75,"column":59}}],"line":75},"6":{"loc":{"start":{"line":95,"column":2},"end":{"line":95,"column":84}},"type":"if","locations":[{"start":{"line":95,"column":2},"end":{"line":95,"column":84}},{"start":{},"end":{}}],"line":95},"7":{"loc":{"start":{"line":97,"column":4},"end":{"line":99,"column":5}},"type":"if","locations":[{"start":{"line":97,"column":4},"end":{"line":99,"column":5}},{"start":{},"end":{}}],"line":97},"8":{"loc":{"start":{"line":97,"column":8},"end":{"line":97,"column":59}},"type":"binary-expr","locations":[{"start":{"line":97,"column":8},"end":{"line":97,"column":29}},{"start":{"line":97,"column":33},"end":{"line":97,"column":59}}],"line":97}},"s":{"0":4,"1":4,"2":4,"3":0,"4":0,"5":0,"6":0,"7":0,"8":4,"9":1,"10":1,"11":1,"12":0,"13":0,"14":0,"15":0,"16":4,"17":0,"18":0,"19":0,"20":0,"21":0,"22":0,"23":0,"24":0,"25":4,"26":1,"27":1,"28":1,"29":0,"30":0,"31":0,"32":0,"33":0,"34":0,"35":0,"36":0,"37":4,"38":1,"39":1,"40":1,"41":0,"42":0,"43":0,"44":0,"45":0,"46":0,"47":4},"f":{"0":0,"1":1,"2":0,"3":0,"4":1,"5":1},"b":{"0":[1,0],"1":[0,0],"2":[0,0],"3":[1,0],"4":[0,0],"5":[0,0],"6":[1,0],"7":[0,0],"8":[0,0]},"_coverageSchema":"1a1c01bbd47fc00a2c39e90264f33305004495a9","hash":"b9bbd96b93d3401dc8b3c71bd4d1b7c3183ebcbf"}
,"C:\\Users\\Ordinateur\\Documents\\GitHub\\projet9-0324\\back\\middlewares\\auth.js": {"path":"C:\\Users\\Ordinateur\\Documents\\GitHub\\projet9-0324\\back\\middlewares\\auth.js","statementMap":{"0":{"start":{"line":1,"column":17},"end":{"line":1,"column":37}},"1":{"start":{"line":2,"column":12},"end":{"line":2,"column":38}},"2":{"start":{"line":4,"column":0},"end":{"line":21,"column":2}},"3":{"start":{"line":5,"column":2},"end":{"line":18,"column":3}},"4":{"start":{"line":7,"column":23},"end":{"line":7,"column":59}},"5":{"start":{"line":8,"column":4},"end":{"line":17,"column":5}},"6":{"start":{"line":9,"column":26},"end":{"line":9,"column":50}},"7":{"start":{"line":10,"column":19},"end":{"line":10,"column":85}},"8":{"start":{"line":11,"column":6},"end":{"line":11,"column":22}},"9":{"start":{"line":12,"column":6},"end":{"line":12,"column":13}},"10":{"start":{"line":13,"column":6},"end":{"line":13,"column":18}},"11":{"start":{"line":15,"column":6},"end":{"line":15,"column":105}},"12":{"start":{"line":16,"column":6},"end":{"line":16,"column":18}},"13":{"start":{"line":19,"column":2},"end":{"line":19,"column":9}},"14":{"start":{"line":20,"column":2},"end":{"line":20,"column":14}}},"fnMap":{"0":{"name":"(anonymous_0)","decl":{"start":{"line":4,"column":17},"end":{"line":4,"column":18}},"loc":{"start":{"line":4,"column":43},"end":{"line":21,"column":1}},"line":4}},"branchMap":{"0":{"loc":{"start":{"line":5,"column":2},"end":{"line":18,"column":3}},"type":"if","locations":[{"start":{"line":5,"column":2},"end":{"line":18,"column":3}},{"start":{},"end":{}}],"line":5}},"s":{"0":4,"1":4,"2":4,"3":27,"4":16,"5":16,"6":16,"7":16,"8":0,"9":0,"10":0,"11":16,"12":16,"13":11,"14":11},"f":{"0":27},"b":{"0":[16,11]},"_coverageSchema":"1a1c01bbd47fc00a2c39e90264f33305004495a9","hash":"d919de864cf6f79b1aa39b4bcb6d1d3bf18718be"}
,"C:\\Users\\Ordinateur\\Documents\\GitHub\\projet9-0324\\back\\models\\bill.js": {"path":"C:\\Users\\Ordinateur\\Documents\\GitHub\\projet9-0324\\back\\models\\bill.js","statementMap":{"0":{"start":{"line":4,"column":4},"end":{"line":4,"column":24}},"1":{"start":{"line":5,"column":14},"end":{"line":5,"column":35}},"2":{"start":{"line":6,"column":0},"end":{"line":36,"column":2}},"3":{"start":{"line":17,"column":2},"end":{"line":34,"column":5}},"4":{"start":{"line":35,"column":2},"end":{"line":35,"column":14}}},"fnMap":{"0":{"name":"(anonymous_0)","decl":{"start":{"line":6,"column":17},"end":{"line":6,"column":18}},"loc":{"start":{"line":6,"column":43},"end":{"line":36,"column":1}},"line":6},"1":{"name":"(anonymous_1)","decl":{"start":{"line":13,"column":4},"end":{"line":13,"column":5}},"loc":{"start":{"line":13,"column":29},"end":{"line":15,"column":5}},"line":13}},"branchMap":{},"s":{"0":4,"1":4,"2":4,"3":4,"4":4},"f":{"0":4,"1":4},"b":{},"_coverageSchema":"1a1c01bbd47fc00a2c39e90264f33305004495a9","hash":"77098f77eabe3660fb1650a2964357c7b8fbbfba"}
,"C:\\Users\\Ordinateur\\Documents\\GitHub\\projet9-0324\\back\\models\\user.js": {"path":"C:\\Users\\Ordinateur\\Documents\\GitHub\\projet9-0324\\back\\models\\user.js","statementMap":{"0":{"start":{"line":4,"column":4},"end":{"line":4,"column":24}},"1":{"start":{"line":5,"column":14},"end":{"line":5,"column":35}},"2":{"start":{"line":6,"column":0},"end":{"line":29,"column":2}},"3":{"start":{"line":17,"column":2},"end":{"line":27,"column":5}},"4":{"start":{"line":28,"column":2},"end":{"line":28,"column":14}}},"fnMap":{"0":{"name":"(anonymous_0)","decl":{"start":{"line":6,"column":17},"end":{"line":6,"column":18}},"loc":{"start":{"line":6,"column":43},"end":{"line":29,"column":1}},"line":6},"1":{"name":"(anonymous_1)","decl":{"start":{"line":13,"column":4},"end":{"line":13,"column":5}},"loc":{"start":{"line":13,"column":29},"end":{"line":15,"column":5}},"line":13}},"branchMap":{},"s":{"0":4,"1":4,"2":4,"3":4,"4":4},"f":{"0":4,"1":4},"b":{},"_coverageSchema":"1a1c01bbd47fc00a2c39e90264f33305004495a9","hash":"f7ca4e039490f525a3ef9014fd0f4ab4841c4211"}
,"C:\\Users\\Ordinateur\\Documents\\GitHub\\projet9-0324\\back\\routes\\auth.js": {"path":"C:\\Users\\Ordinateur\\Documents\\GitHub\\projet9-0324\\back\\routes\\auth.js","statementMap":{"0":{"start":{"line":1,"column":16},"end":{"line":1,"column":34}},"1":{"start":{"line":3,"column":15},"end":{"line":3,"column":31}},"2":{"start":{"line":5,"column":23},"end":{"line":5,"column":53}},"3":{"start":{"line":7,"column":0},"end":{"line":7,"column":60}},"4":{"start":{"line":7,"column":32},"end":{"line":7,"column":56}},"5":{"start":{"line":8,"column":0},"end":{"line":8,"column":44}},"6":{"start":{"line":10,"column":0},"end":{"line":10,"column":49}},"7":{"start":{"line":12,"column":0},"end":{"line":12,"column":24}}},"fnMap":{"0":{"name":"(anonymous_0)","decl":{"start":{"line":7,"column":16},"end":{"line":7,"column":17}},"loc":{"start":{"line":7,"column":30},"end":{"line":7,"column":58}},"line":7}},"branchMap":{},"s":{"0":4,"1":4,"2":4,"3":4,"4":1,"5":4,"6":4,"7":4},"f":{"0":1},"b":{},"_coverageSchema":"1a1c01bbd47fc00a2c39e90264f33305004495a9","hash":"0f1c39cbe4cb62f61190a3302875fc8018a3bd80"}
,"C:\\Users\\Ordinateur\\Documents\\GitHub\\projet9-0324\\back\\routes\\bill.js": {"path":"C:\\Users\\Ordinateur\\Documents\\GitHub\\projet9-0324\\back\\routes\\bill.js","statementMap":{"0":{"start":{"line":1,"column":16},"end":{"line":1,"column":34}},"1":{"start":{"line":3,"column":15},"end":{"line":3,"column":31}},"2":{"start":{"line":4,"column":23},"end":{"line":4,"column":53}},"3":{"start":{"line":6,"column":0},"end":{"line":6,"column":37}},"4":{"start":{"line":7,"column":0},"end":{"line":7,"column":39}},"5":{"start":{"line":8,"column":0},"end":{"line":8,"column":40}},"6":{"start":{"line":9,"column":0},"end":{"line":9,"column":44}},"7":{"start":{"line":10,"column":0},"end":{"line":10,"column":45}},"8":{"start":{"line":12,"column":0},"end":{"line":12,"column":24}}},"fnMap":{},"branchMap":{},"s":{"0":4,"1":4,"2":4,"3":4,"4":4,"5":4,"6":4,"7":4,"8":4},"f":{},"b":{},"_coverageSchema":"1a1c01bbd47fc00a2c39e90264f33305004495a9","hash":"ec9cfa91652d0c0d1286bec7b487b87784284481"}
,"C:\\Users\\Ordinateur\\Documents\\GitHub\\projet9-0324\\back\\routes\\user.js": {"path":"C:\\Users\\Ordinateur\\Documents\\GitHub\\projet9-0324\\back\\routes\\user.js","statementMap":{"0":{"start":{"line":1,"column":16},"end":{"line":1,"column":34}},"1":{"start":{"line":3,"column":15},"end":{"line":3,"column":31}},"2":{"start":{"line":4,"column":23},"end":{"line":4,"column":53}},"3":{"start":{"line":6,"column":0},"end":{"line":6,"column":37}},"4":{"start":{"line":7,"column":0},"end":{"line":7,"column":39}},"5":{"start":{"line":8,"column":0},"end":{"line":8,"column":40}},"6":{"start":{"line":9,"column":0},"end":{"line":9,"column":44}},"7":{"start":{"line":10,"column":0},"end":{"line":10,"column":45}},"8":{"start":{"line":12,"column":0},"end":{"line":12,"column":24}}},"fnMap":{},"branchMap":{},"s":{"0":4,"1":4,"2":4,"3":4,"4":4,"5":4,"6":4,"7":4,"8":4},"f":{},"b":{},"_coverageSchema":"1a1c01bbd47fc00a2c39e90264f33305004495a9","hash":"80bde9f61abe6015064912f53495a148c38b174f"}
,"C:\\Users\\Ordinateur\\Documents\\GitHub\\projet9-0324\\back\\services\\jwt.js": {"path":"C:\\Users\\Ordinateur\\Documents\\GitHub\\projet9-0324\\back\\services\\jwt.js","statementMap":{"0":{"start":{"line":1,"column":12},"end":{"line":1,"column":35}},"1":{"start":{"line":3,"column":15},"end":{"line":3,"column":30}},"2":{"start":{"line":5,"column":16},"end":{"line":11,"column":1}},"3":{"start":{"line":5,"column":27},"end":{"line":11,"column":1}},"4":{"start":{"line":13,"column":16},"end":{"line":18,"column":2}},"5":{"start":{"line":13,"column":27},"end":{"line":18,"column":2}},"6":{"start":{"line":14,"column":2},"end":{"line":17,"column":5}},"7":{"start":{"line":15,"column":4},"end":{"line":15,"column":25}},"8":{"start":{"line":15,"column":13},"end":{"line":15,"column":25}},"9":{"start":{"line":16,"column":4},"end":{"line":16,"column":21}},"10":{"start":{"line":20,"column":0},"end":{"line":23,"column":2}}},"fnMap":{"0":{"name":"(anonymous_0)","decl":{"start":{"line":5,"column":16},"end":{"line":5,"column":17}},"loc":{"start":{"line":5,"column":27},"end":{"line":11,"column":1}},"line":5},"1":{"name":"(anonymous_1)","decl":{"start":{"line":13,"column":16},"end":{"line":13,"column":17}},"loc":{"start":{"line":13,"column":27},"end":{"line":18,"column":2}},"line":13},"2":{"name":"(anonymous_2)","decl":{"start":{"line":13,"column":39},"end":{"line":13,"column":40}},"loc":{"start":{"line":13,"column":60},"end":{"line":18,"column":1}},"line":13},"3":{"name":"(anonymous_3)","decl":{"start":{"line":14,"column":28},"end":{"line":14,"column":29}},"loc":{"start":{"line":14,"column":46},"end":{"line":17,"column":3}},"line":14}},"branchMap":{"0":{"loc":{"start":{"line":15,"column":4},"end":{"line":15,"column":25}},"type":"if","locations":[{"start":{"line":15,"column":4},"end":{"line":15,"column":25}},{"start":{},"end":{}}],"line":15}},"s":{"0":5,"1":5,"2":5,"3":7,"4":5,"5":18,"6":18,"7":18,"8":1,"9":18,"10":5},"f":{"0":7,"1":18,"2":18,"3":18},"b":{"0":[1,17]},"_coverageSchema":"1a1c01bbd47fc00a2c39e90264f33305004495a9","hash":"e0f886b6f3b3897ee668514838649d6349a401d1"}
,"C:\\Users\\Ordinateur\\Documents\\GitHub\\projet9-0324\\back\\services\\password.js": {"path":"C:\\Users\\Ordinateur\\Documents\\GitHub\\projet9-0324\\back\\services\\password.js","statementMap":{"0":{"start":{"line":1,"column":15},"end":{"line":1,"column":32}},"1":{"start":{"line":3,"column":19},"end":{"line":3,"column":21}},"2":{"start":{"line":5,"column":13},"end":{"line":10,"column":2}},"3":{"start":{"line":5,"column":24},"end":{"line":10,"column":2}},"4":{"start":{"line":6,"column":2},"end":{"line":9,"column":5}},"5":{"start":{"line":7,"column":4},"end":{"line":7,"column":25}},"6":{"start":{"line":7,"column":13},"end":{"line":7,"column":25}},"7":{"start":{"line":8,"column":4},"end":{"line":8,"column":23}},"8":{"start":{"line":12,"column":16},"end":{"line":17,"column":2}},"9":{"start":{"line":12,"column":38},"end":{"line":17,"column":2}},"10":{"start":{"line":13,"column":2},"end":{"line":16,"column":5}},"11":{"start":{"line":14,"column":4},"end":{"line":14,"column":25}},"12":{"start":{"line":14,"column":13},"end":{"line":14,"column":25}},"13":{"start":{"line":15,"column":4},"end":{"line":15,"column":20}},"14":{"start":{"line":19,"column":0},"end":{"line":22,"column":2}}},"fnMap":{"0":{"name":"(anonymous_0)","decl":{"start":{"line":5,"column":13},"end":{"line":5,"column":14}},"loc":{"start":{"line":5,"column":24},"end":{"line":10,"column":2}},"line":5},"1":{"name":"(anonymous_1)","decl":{"start":{"line":5,"column":36},"end":{"line":5,"column":37}},"loc":{"start":{"line":5,"column":57},"end":{"line":10,"column":1}},"line":5},"2":{"name":"(anonymous_2)","decl":{"start":{"line":6,"column":33},"end":{"line":6,"column":34}},"loc":{"start":{"line":6,"column":53},"end":{"line":9,"column":3}},"line":6},"3":{"name":"(anonymous_3)","decl":{"start":{"line":12,"column":16},"end":{"line":12,"column":17}},"loc":{"start":{"line":12,"column":38},"end":{"line":17,"column":2}},"line":12},"4":{"name":"(anonymous_4)","decl":{"start":{"line":12,"column":50},"end":{"line":12,"column":51}},"loc":{"start":{"line":12,"column":71},"end":{"line":17,"column":1}},"line":12},"5":{"name":"(anonymous_5)","decl":{"start":{"line":13,"column":35},"end":{"line":13,"column":36}},"loc":{"start":{"line":13,"column":52},"end":{"line":16,"column":3}},"line":13}},"branchMap":{"0":{"loc":{"start":{"line":7,"column":4},"end":{"line":7,"column":25}},"type":"if","locations":[{"start":{"line":7,"column":4},"end":{"line":7,"column":25}},{"start":{},"end":{}}],"line":7},"1":{"loc":{"start":{"line":14,"column":4},"end":{"line":14,"column":25}},"type":"if","locations":[{"start":{"line":14,"column":4},"end":{"line":14,"column":25}},{"start":{},"end":{}}],"line":14}},"s":{"0":5,"1":5,"2":5,"3":2,"4":2,"5":2,"6":1,"7":2,"8":5,"9":3,"10":3,"11":3,"12":1,"13":3,"14":5},"f":{"0":2,"1":2,"2":2,"3":3,"4":3,"5":3},"b":{"0":[1,1],"1":[1,2]},"_coverageSchema":"1a1c01bbd47fc00a2c39e90264f33305004495a9","hash":"66c1d3f3b674408f4d6e02e187995c60c51a90dd"}
,"C:\\Users\\Ordinateur\\Documents\\GitHub\\projet9-0324\\back\\tests\\fixtures.js": {"path":"C:\\Users\\Ordinateur\\Documents\\GitHub\\projet9-0324\\back\\tests\\fixtures.js","statementMap":{"0":{"start":{"line":1,"column":27},"end":{"line":1,"column":56}},"1":{"start":{"line":2,"column":22},"end":{"line":2,"column":42}},"2":{"start":{"line":3,"column":15},"end":{"line":3,"column":35}},"3":{"start":{"line":5,"column":17},"end":{"line":64,"column":1}},"4":{"start":{"line":66,"column":13},"end":{"line":72,"column":3}},"5":{"start":{"line":67,"column":4},"end":{"line":71,"column":5}},"6":{"start":{"line":68,"column":8},"end":{"line":68,"column":63}},"7":{"start":{"line":70,"column":8},"end":{"line":70,"column":26}},"8":{"start":{"line":73,"column":14},"end":{"line":76,"column":3}},"9":{"start":{"line":74,"column":4},"end":{"line":74,"column":47}},"10":{"start":{"line":75,"column":4},"end":{"line":75,"column":47}},"11":{"start":{"line":77,"column":14},"end":{"line":80,"column":3}},"12":{"start":{"line":78,"column":6},"end":{"line":78,"column":19}},"13":{"start":{"line":79,"column":6},"end":{"line":79,"column":18}},"14":{"start":{"line":82,"column":0},"end":{"line":86,"column":2}}},"fnMap":{"0":{"name":"(anonymous_0)","decl":{"start":{"line":66,"column":13},"end":{"line":66,"column":14}},"loc":{"start":{"line":66,"column":25},"end":{"line":72,"column":3}},"line":66},"1":{"name":"(anonymous_1)","decl":{"start":{"line":73,"column":14},"end":{"line":73,"column":15}},"loc":{"start":{"line":73,"column":26},"end":{"line":76,"column":3}},"line":73},"2":{"name":"(anonymous_2)","decl":{"start":{"line":77,"column":14},"end":{"line":77,"column":15}},"loc":{"start":{"line":77,"column":26},"end":{"line":80,"column":3}},"line":77}},"branchMap":{},"s":{"0":1,"1":1,"2":1,"3":1,"4":1,"5":0,"6":0,"7":0,"8":1,"9":2,"10":0,"11":1,"12":2,"13":0,"14":1},"f":{"0":0,"1":2,"2":2},"b":{},"_coverageSchema":"1a1c01bbd47fc00a2c39e90264f33305004495a9","hash":"33db23c1baf30007734468c27fc8d5f9a9f33583"}
}
